Total number of documents: 1323 loaded in 0:00:04.749529 seconds
doc[0] -   REGULATION (EU) 2016/679 OF THE EUROPEAN PARLIAMENT AND OF THE COUNCILof 27 April 2016on the protection of natural persons with regard to the process ...
doc[1] -   COMMISSION REGULATION (EU) 2016/4of 5 January 2016amending Regulation (EC) No 216/2008 of the European Parliament and of the Council as regards essen ...
doc[2] -   COMMISSION REGULATION (EU) 2016/5of 5 January 2016amending Regulation (EU) No 748/2012 as regards the implementation of essential requirements for en ...
doc[3] -   COMMISSION REGULATION (EU) 2016/26of 13 January 2016amending Annex XVII to Regulation (EC) No 1907/2006 of the European Parliament and of the Council ...
doc[4] -   COMMISSION REGULATION (EU) 2016/27of 13 January 2016amending Annexes III and IV to Regulation (EC) No 999/2001 of the European Parliament and of the  ...

Cleaned in 0:06:55.035454 seconds
doc[0] cleaned -  ['european', 'parliament', '2016on', 'protection', 'natural', 'person', 'regard', 'processing', 'personal', 'datum', 'free', 'movement', 'datum', 'repeal', 'text', 'relevance', 'european', 'parliament', 'european', 'have', 'regard', 'particular', 'thereof', 'have', 'regard', 'proposal', 'transmission', 'draft', 'legislative', 'act', 'national', 'parliament', 'have', 'regard', 'opinion', 'have', 'regard', 'opinion', 'act', 'accordance', 'ordinary', 'legislative', 'procedure', 'publish', 'position', 'reading', 'publish', 'position', 'protection', 'natural', 'person', 'relation', 'processing', 'personal', 'datum', 'fundamental', 'right', 'article', '8(1', 'charter', 'article', 'provide', 'right', 'protection', 'personal', 'datum', 'concern', 'principle', 'rule', 'protection', 'natural', 'person', 'regard', 'processing', 'personal', 'datum', 'nationality', 'residence', 'respect', 'fundamental', 'right', 'freedom', 'particular', 'right', 'protection', 'personal', 'datum', 'regulation', 'intend', 'contribute', 'accomplishment', 'area', 'freedom', 'security', 'justice', 'economic', 'union', 'economic', 'social', 'progress', 'strengthening', 'convergence', 'economy', 'internal', 'market', 'natural', 'person', 'directive', 'protection', 'individual', 'regard', 'processing', 'personal', 'datum', 'free', 'movement', 'datum', 'seek', 'harmonise', 'protection', 'fundamental', 'right', 'freedom', 'natural', 'person', 'respect', 'processing', 'activity', 'ensure', 'free', 'flow', 'personal', 'datum', 'processing', 'personal', 'datum', 'design', 'serve', 'mankind', 'right', 'protection', 'personal', 'datum', 'absolute', 'right', 'consider', 'relation', 'function', 'society', 'balance'] ...
doc[1] cleaned -  ['2016amende', '216/2008', 'regard', 'essential', 'requirement', 'environmental', 'protection', 'relevance', 'european', 'have', 'regard', 'have', 'regard', '216/2008', 'common', 'rule', 'field', 'civil', 'aviation', 'establish', 'repeal', 'particular', 'thereof', 'article', '216/2008', 'require', 'product', 'part', 'appliance', 'comply', 'environmental', 'protection', 'requirement', 'contain', 'hereinafter', 'refer', 'applicable', 'amend', 'introduce', 'new', 'noise', 'standard', '216/2008', 'amend', 'accordingly', 'measure', 'provide', 'regulation', 'base', 'opinion', 'issue', 'accordance', '216/2008', 'measure', 'provide', 'regulation', 'accordance', 'opinion', 'establish', '216/2008', 'adopt', 'regulation', 'article', '216/2008', 'paragraph', 'replace', 'following', 'product', 'part', 'appliance', 'comply', 'environmental', 'protection', 'requirement', 'contain', 'volume', 'applicable', 'article', 'regulation', 'enter', 'force', 'twentieth', 'day', 'follow', 'publication', 'regulation', 'bind', 'entirety', 'directly', 'applicable'] ...
doc[2] cleaned -  ['2016amende', '748/2012', 'regard', 'implementation', 'essential', 'requirement', 'environmental', 'protection', 'relevance', 'european', 'have', 'regard', 'have', 'regard', '216/2008', 'common', 'rule', 'field', 'civil', 'aviation', 'establish', 'repeal', 'particular', 'thereof', 'article', '216/2008', 'require', 'product', 'part', 'appliance', 'comply', 'environmental', 'protection', 'requirement', 'contain', 'hereinafter', 'refer', 'applicable', 'requirement', 'implement', 'law', '748/2012', 'lay', 'implement', 'rule', 'airworthiness', 'environmental', 'certification', 'aircraft', 'related', 'product', 'part', 'appliance', 'certification', 'design', 'production', 'organisation', 'amend', 'introduce', 'new', 'noise', 'standard', '748/2012', 'amend', 'accordingly', 'measure', 'provide', 'regulation', 'base', 'opinion', 'issue', 'accordance', '216/2008', 'measure', 'provide', 'regulation', 'accordance', 'opinion', 'establish', '216/2008', 'adopt', 'regulation', 'article', '748/2012', 'point', '21.a.18(a', 'replace', 'following', 'applicable', 'noise', 'requirement', 'issue', 'type', 'certificate', 'aircraft', 'prescribe', 'accord', 'provision', 'chapter', 'subsonic', 'jet', 'aeroplane', 'applicable', 'propeller', 'drive', 'aeroplane', 'applicable', 'helicopter', 'applicable', 'supersonic', 'aeroplane', 'chapter', 'applicable', 'tilt', 'rotor', 'chapter', 'applicable', 'article', 'regulation', 'enter', 'force', 'twentieth', 'day', 'follow', 'publication', 'regulation', 'bind', 'entirety', 'directly', 'applicable'] ...
doc[3] cleaned -  ['2016amende', 'concern', 'regard', 'nonylphenol', 'ethoxylate', 'relevance', 'european', 'have', 'regard', 'have', 'regard', 'concern', 'establish', 'amend', 'directive', 'repeal', 'particular', 'article', 'thereof', 'submit', 'dossier', 'dossier', 'pursuant', 'order', 'initiate', 'restriction', 'procedure', 'set', 'regulation', 'initially', 'dossier', 'indicate', 'exposure', 'nonylphenol', 'nonylphenol', 'ethoxylate', 'pose', 'risk', 'environment', 'specifically', 'aquatic', 'specie', 'live', 'surface', 'water', 'order', 'limit', 'risk', 'dossier', 'propose', 'prohibit', 'placing', 'market', 'textile', 'article', 'wash', 'water', 'contain', 'concentration', 'equal', 'high', '0,01', 'weight', 'dossier', 'demonstrate', 'action', 'union', 'wide', 'basis', 'necessary', 'public', 'consultation', 'dossier', 'recommend', 'remove', 'scope', 'restriction', 'proposal', 'intentionally', 'textile', 'processing', 'exclusion', 'consider', 'justify', 'rac', 'evaluate', 'term', 'effectiveness', 'practicality', 'monitorability', 'restriction', 'subject', 'propose', 'restriction', 'dossier', 'define', 'branched', 'linear', 'ethoxylate', 'nonylphenol', 'cover', 'substance', 'define', 'number', 'substance', 'polymer', 'homologue', 'substance', 'group', 'identify', 'molecular', 'formula', 'market', 'survey', 'refer', 'dossier', 'identify', 'presence', 'textile', 'article', 'different', 'concentration', 'placing', 'market', 'use', 'substance', 'mixture', 'purpose', 'textile', 'leather', 'processing', 'restrict', 'entry', '1907/2006', 'reasonably', 'foreseeable', 'condition', 'wash', 'textile', 'article', 'water', 'release', 'aquatic', 'environment', 'pose', 'risk', 'aquatic', 'specie', 'reason', 'coherence'] ...
doc[4] cleaned -  ['2016/27of', '2016amende', '999/2001', 'lay', 'rule', 'prevention', 'control', 'eradication', 'certain', 'transmissible', 'spongiform', 'encephalopathie', 'european', 'have', 'regard', 'have', 'regard', '999/2001', 'lay', 'rule', 'prevention', 'control', 'eradication', 'certain', 'transmissible', 'spongiform', 'encephalopathy', 'particular', 'paragraph', 'thereof', '999/2001', 'lay', 'rule', 'prevention', 'control', 'eradication', 'transmissible', 'spongiform', 'encephalopathy', 'animal', 'apply', 'production', 'placing', 'market', 'live', 'animal', 'product', 'animal', 'origin', 'certain', 'specific', 'case', 'export', 'thereof', 'accord', '999/2001', 'submit', 'year', 'information', 'monitoring', 'transmissible', 'spongiform', 'encephalopathy', 'territory', 'present', 'summary', 'information', 'follow', 'agreement', 'preparation', 'publication', 'annual', 'summary', 'report', 'monitoring', 'testing', 'ruminant', 'presence', 'transmissible', 'spongiform', 'encephalopathy', 'transfer', 'chapter', '999/2001', 'amend', 'reflect', 'new', 'modality', '999/2001', 'prohibit', 'feeding', 'certain', 'farm', 'animal', 'process', 'animal', 'protein', 'particular', 'derive', 'non', 'ruminant', 'addition', 'accord', 'point', 'b)(ii', '999/2001', 'fishmeal', 'compound', 'feed', 'contain', 'fishmeal', 'feed', 'non', 'ruminant', 'farm', 'animal', 'include', 'aquaculture', 'animal', 'point', 'chapter', '999/2001', 'provide', 'bulk', 'process', 'animal', 'protein', 'derive', 'non', 'ruminant', 'bulk', 'compound', 'feed', 'contain', 'protein', 'transport', 'vehicle', 'container', 'transport', 'feed', 'intend', 'non', 'ruminant', 'farmed', 'animal', 'aquaculture', 'animal', 'fishmeal', 'compound', 'feed'] ...

id2word size for full corpus:  16232

corpus size:  1323
corpus[0][0:20]:  [(0, 1), (1, 1), (2, 1), (3, 1), (4, 1), (5, 1), (6, 1), (7, 3), (8, 7), (9, 2), (10, 3), (11, 2), (12, 1), (13, 5), (14, 22), (15, 1), (16, 11), (17, 1), (18, 1), (19, 4)]
Corpus data saved in:  ./model/lda_model_EU_REG_year-2016-2021_nrtopics50_campus.pkl

Model built in  0:02:02.240310 seconds
Model saved in:  ./model/lda_model_EU_REG_year-2016-2021_nrtopics50.pkl

All topics in the model
(0, '0.050*"market" + 0.036*"authority" + 0.035*"conformity" + 0.031*"surveillance" + 0.031*"body" + 0.028*"notify" + 0.028*"assessment" + 0.020*"manufacturer" + 0.019*"safety" + 0.019*"economic"')
(1, '0.000*"bis(1,1" + 0.000*"cultured" + 0.000*"dimethylpropyl)phenyl" + 0.000*"dimer" + 0.000*"diffusivity" + 0.000*"cyclic" + 0.000*"glass" + 0.000*"starter" + 0.000*"141/2000" + 0.000*"superiority"')
(2, '0.083*"sustainable" + 0.044*"sustainability" + 0.041*"resilience" + 0.028*"society" + 0.026*"thematic" + 0.025*"biodiversity" + 0.022*"include" + 0.022*"programme" + 0.020*"removal" + 0.019*"centre"')
(3, '0.080*"vehicle" + 0.059*"type" + 0.057*"emission" + 0.049*"approval" + 0.028*"road" + 0.023*"technical" + 0.020*"engine" + 0.019*"manufacturer" + 0.018*"system" + 0.018*"unit"')
(4, '0.035*"datum" + 0.020*"personal" + 0.017*"protection" + 0.017*"information" + 0.016*"authority" + 0.015*"right" + 0.014*"agency" + 0.013*"law" + 0.012*"processing" + 0.012*"purpose"')
(5, '0.040*"capacity" + 0.031*"energy" + 0.023*"network" + 0.019*"market" + 0.017*"balance" + 0.017*"transmission" + 0.017*"gas" + 0.015*"pursuant" + 0.015*"regulatory" + 0.014*"methodology"')
(6, '0.028*"support" + 0.021*"financial" + 0.018*"objective" + 0.015*"intervention" + 0.015*"action" + 0.013*"programme" + 0.013*"include" + 0.011*"set" + 0.011*"contribution" + 0.010*"implementation"')
(7, '0.055*"authority" + 0.037*"competent" + 0.023*"information" + 0.021*"market" + 0.020*"financial" + 0.013*"refer" + 0.011*"security" + 0.011*"investment" + 0.011*"provide" + 0.010*"regulatory"')
(8, '0.255*"waste" + 0.157*"port" + 0.122*"maritime" + 0.067*"facility" + 0.040*"manage" + 0.038*"safe" + 0.034*"management" + 0.031*"ship" + 0.018*"pollution" + 0.016*"infrastructure"')
(9, '0.052*"system" + 0.031*"power" + 0.026*"relevant" + 0.021*"uptake" + 0.015*"area" + 0.015*"connect" + 0.014*"clearing" + 0.013*"operator" + 0.012*"operational" + 0.012*"provide"')
(10, '0.028*"act" + 0.027*"competent" + 0.025*"adopt" + 0.025*"article" + 0.025*"concern" + 0.024*"authority" + 0.024*"territory" + 0.023*"measure" + 0.023*"refer" + 0.023*"paragraph"')
(11, '0.059*"air" + 0.036*"aviation" + 0.028*"carrier" + 0.026*"aircraft" + 0.026*"certification" + 0.023*"operation" + 0.020*"certificate" + 0.020*"requirement" + 0.017*"safety" + 0.017*"operator"')
(12, '0.022*"certificate" + 0.022*"issue" + 0.020*"law" + 0.020*"document" + 0.019*"court" + 0.019*"authority" + 0.019*"decision" + 0.017*"application" + 0.017*"request" + 0.015*"licence"')
(13, '0.060*"cell" + 0.013*"amyloliquefacien" + 0.012*"isolate" + 0.004*"mosaic" + 0.000*"dimethylpropyl)phenyl" + 0.000*"imbed" + 0.000*"glass" + 0.000*"epoxypropoxy)propyl]trimethoxy" + 0.000*"perchlorate" + 0.000*"starter"')
(14, '0.039*"wine" + 0.032*"level" + 0.024*"maximum" + 0.022*"product" + 0.022*"mrl" + 0.018*"opinion" + 0.017*"exist" + 0.017*"regard" + 0.016*"reason" + 0.015*"set"')
(15, '0.000*"bis(1,1" + 0.000*"cultured" + 0.000*"dimethylpropyl)phenyl" + 0.000*"dimer" + 0.000*"diffusivity" + 0.000*"cyclic" + 0.000*"glass" + 0.000*"starter" + 0.000*"141/2000" + 0.000*"superiority"')
(16, '0.069*"product" + 0.025*"geographical" + 0.022*"indication" + 0.016*"protect" + 0.015*"origin" + 0.013*"designation" + 0.013*"good" + 0.013*"market" + 0.012*"custom" + 0.012*"trade"')
(17, '0.283*"undertaking" + 0.059*"transport" + 0.033*"rail" + 0.031*"railway" + 0.027*"passenger" + 0.027*"period" + 0.024*"infrastructure" + 0.020*"safety" + 0.016*"driver" + 0.015*"service"')
(18, '0.234*"core" + 0.057*"bone" + 0.038*"mill" + 0.015*"hide" + 0.014*"slaughterhouse" + 0.010*"nitrate" + 0.010*"raw" + 0.006*"chilling" + 0.002*"kill" + 0.000*"thermoset"')
(19, '0.000*"bis(1,1" + 0.000*"cultured" + 0.000*"dimethylpropyl)phenyl" + 0.000*"dimer" + 0.000*"diffusivity" + 0.000*"cyclic" + 0.000*"glass" + 0.000*"starter" + 0.000*"141/2000" + 0.000*"superiority"')
(20, '0.031*"datum" + 0.025*"asylum" + 0.019*"border" + 0.018*"refer" + 0.018*"national" + 0.017*"accordance" + 0.017*"country" + 0.016*"information" + 0.014*"application" + 0.013*"authority"')
(21, '0.435*"book" + 0.040*"prudent" + 0.036*"countermeasure" + 0.018*"recorded" + 0.000*"cyclic" + 0.000*"dimethylpropyl)phenyl" + 0.000*"dimer" + 0.000*"diffusivity" + 0.000*"glass" + 0.000*"bis(1,1"')
(22, '0.041*"datum" + 0.031*"act" + 0.022*"adopt" + 0.018*"information" + 0.018*"accordance" + 0.017*"implement" + 0.016*"delegate" + 0.015*"report" + 0.014*"refer" + 0.013*"regulation"')
(23, '0.000*"bis(1,1" + 0.000*"cultured" + 0.000*"dimethylpropyl)phenyl" + 0.000*"dimer" + 0.000*"diffusivity" + 0.000*"cyclic" + 0.000*"glass" + 0.000*"starter" + 0.000*"141/2000" + 0.000*"superiority"')
(24, '0.024*"joint" + 0.021*"member" + 0.017*"activity" + 0.014*"include" + 0.011*"relevant" + 0.011*"work" + 0.009*"article" + 0.009*"task" + 0.009*"representative" + 0.009*"country"')
(25, '0.159*"health" + 0.110*"scientific" + 0.038*"joint" + 0.025*"pursuant" + 0.023*"application" + 0.021*"follow" + 0.021*"opinion" + 0.021*"applicant" + 0.020*"disease" + 0.018*"defence"')
(26, '0.025*"set" + 0.024*"requirement" + 0.022*"energy" + 0.016*"environmental" + 0.015*"mean" + 0.014*"product" + 0.014*"point" + 0.013*"market" + 0.013*"include" + 0.011*"technology"')
(27, '0.059*"quota" + 0.051*"stock" + 0.043*"vessel" + 0.041*"regulation" + 0.037*"fishing" + 0.031*"fish" + 0.026*"refer" + 0.022*"date" + 0.022*"flag" + 0.021*"certain"')
(28, '0.044*"measure" + 0.038*"resource" + 0.035*"regard" + 0.031*"concern" + 0.028*"regulation" + 0.026*"cfsp" + 0.026*"have" + 0.025*"decision" + 0.022*"restrictive" + 0.021*"amend"')
(29, '0.134*"animal" + 0.057*"product" + 0.033*"health" + 0.032*"feed" + 0.030*"disease" + 0.022*"rule" + 0.021*"lay" + 0.018*"provide" + 0.017*"point" + 0.015*"requirement"')
(30, '0.044*"refer" + 0.023*"agricultural" + 0.020*"rule" + 0.020*"act" + 0.017*"point" + 0.016*"implement" + 0.016*"control" + 0.015*"accordance" + 0.014*"ensure" + 0.014*"system"')
(31, '0.030*"risk" + 0.026*"institution" + 0.021*"resolution" + 0.016*"accordance" + 0.016*"refer" + 0.016*"exposure" + 0.015*"instrument" + 0.014*"requirement" + 0.014*"point" + 0.013*"set"')
(32, '0.045*"regulation" + 0.040*"farmer" + 0.032*"regard" + 0.027*"food" + 0.022*"amend" + 0.021*"article" + 0.019*"list" + 0.018*"accordance" + 0.017*"have" + 0.016*"certain"')
(33, '0.079*"plan" + 0.057*"aid" + 0.039*"scheme" + 0.036*"measure" + 0.034*"area" + 0.031*"region" + 0.025*"regional" + 0.018*"risk" + 0.016*"national" + 0.015*"cost"')
(34, '0.041*"service" + 0.019*"information" + 0.014*"regulation" + 0.014*"provider" + 0.013*"provide" + 0.013*"access" + 0.012*"user" + 0.010*"include" + 0.010*"ensure" + 0.009*"order"')
(35, '0.055*"substance" + 0.028*"use" + 0.023*"product" + 0.015*"restriction" + 0.013*"opinion" + 0.013*"subgroup" + 0.012*"dossier" + 0.012*"article" + 0.012*"human" + 0.012*"amend"')
(36, '0.065*"clinical" + 0.055*"assessment" + 0.043*"joint" + 0.040*"health" + 0.036*"device" + 0.032*"medicinal" + 0.031*"medical" + 0.025*"report" + 0.023*"consultation" + 0.022*"refer"')
(37, '0.064*"vessel" + 0.051*"fishing" + 0.020*"specie" + 0.019*"catch" + 0.017*"fishery" + 0.012*"article" + 0.011*"flag" + 0.010*"report" + 0.010*"area" + 0.010*"paragraph"')
(38, '0.035*"person" + 0.030*"entity" + 0.025*"body" + 0.022*"legal" + 0.017*"include" + 0.017*"natural" + 0.015*"list" + 0.014*"article" + 0.014*"authority" + 0.014*"fund"')
(39, '0.000*"bis(1,1" + 0.000*"cultured" + 0.000*"dimethylpropyl)phenyl" + 0.000*"dimer" + 0.000*"diffusivity" + 0.000*"cyclic" + 0.000*"glass" + 0.000*"starter" + 0.000*"141/2000" + 0.000*"superiority"')
(40, '0.000*"bis(1,1" + 0.000*"cultured" + 0.000*"dimethylpropyl)phenyl" + 0.000*"dimer" + 0.000*"diffusivity" + 0.000*"cyclic" + 0.000*"glass" + 0.000*"starter" + 0.000*"141/2000" + 0.000*"superiority"')
(41, '0.000*"bis(1,1" + 0.000*"cultured" + 0.000*"dimethylpropyl)phenyl" + 0.000*"dimer" + 0.000*"diffusivity" + 0.000*"cyclic" + 0.000*"glass" + 0.000*"starter" + 0.000*"141/2000" + 0.000*"superiority"')
(42, '0.115*"following" + 0.104*"paragraph" + 0.103*"replace" + 0.077*"follow" + 0.070*"point" + 0.061*"amend" + 0.038*"subparagraph" + 0.024*"add" + 0.023*"insert" + 0.018*"refer"')
(43, '0.049*"fishing" + 0.033*"stock" + 0.031*"water" + 0.023*"opportunity" + 0.020*"catch" + 0.017*"fishery" + 0.016*"apply" + 0.015*"fish" + 0.013*"set" + 0.013*"measure"')
(44, '0.000*"bis(1,1" + 0.000*"cultured" + 0.000*"dimethylpropyl)phenyl" + 0.000*"dimer" + 0.000*"diffusivity" + 0.000*"cyclic" + 0.000*"glass" + 0.000*"starter" + 0.000*"141/2000" + 0.000*"superiority"')
(45, '0.043*"institution" + 0.028*"report" + 0.026*"reporting" + 0.023*"credit" + 0.022*"requirement" + 0.020*"information" + 0.016*"group" + 0.015*"basis" + 0.014*"relevant" + 0.014*"minimum"')
(46, '0.091*"payment" + 0.048*"year" + 0.035*"refer" + 0.034*"expenditure" + 0.027*"pay" + 0.026*"article" + 0.022*"amount" + 0.021*"annual" + 0.019*"income" + 0.018*"paragraph"')
(47, '0.000*"bis(1,1" + 0.000*"cultured" + 0.000*"dimethylpropyl)phenyl" + 0.000*"dimer" + 0.000*"diffusivity" + 0.000*"cyclic" + 0.000*"glass" + 0.000*"starter" + 0.000*"141/2000" + 0.000*"superiority"')
(48, '0.020*"period" + 0.019*"measure" + 0.015*"accordance" + 0.015*"provide" + 0.015*"paragraph" + 0.014*"request" + 0.014*"concern" + 0.014*"apply" + 0.013*"article" + 0.013*"procedure"')
(49, '0.113*"producer" + 0.034*"price" + 0.025*"market" + 0.025*"average" + 0.015*"production" + 0.015*"sale" + 0.013*"import" + 0.012*"product" + 0.012*"value" + 0.012*"industry"')