Loading  ./model/EU_REG_year-2016_nrtopics20_model.pkl
Loading  ./model/EU_REG_year-2016_nrtopics20_bowcampus.pkl
Loaded Regulations model.

documents_topics: 
 [[0.         0.         0.         0.02420858 0.76131266 0.         0.         0.         0.01441126 0.         0.         0.         0.         0.         0.         0.01207457 0.         0.03967484 0.         0.14233269]
 [0.07234865 0.         0.         0.         0.         0.         0.         0.         0.05684029 0.         0.         0.         0.         0.         0.41514447 0.         0.         0.         0.44851458 0.        ]
 [0.08977106 0.         0.         0.         0.03527042 0.         0.         0.         0.09579039 0.01727521 0.         0.         0.         0.         0.27752125 0.         0.         0.         0.47959974 0.        ]
 [0.         0.         0.         0.         0.01406722 0.02783553 0.         0.         0.06307035 0.         0.         0.         0.         0.         0.80158341 0.         0.01520193 0.         0.         0.06883577]
 [0.         0.         0.         0.1677348  0.         0.2613667  0.         0.         0.08197898 0.         0.         0.         0.19387238 0.02286357 0.11262169 0.         0.07626474 0.         0.04928872 0.01667507]
 [0.         0.         0.         0.         0.         0.         0.         0.         0.         0.         0.         0.         0.01546608 0.         0.12107074 0.67686319 0.         0.         0.14288056 0.03953313]
 [0.         0.         0.         0.         0.         0.         0.         0.         0.         0.         0.         0.         0.         0.         0.         0.92656958 0.         0.         0.         0.04118483]
 [0.         0.         0.         0.         0.         0.         0.         0.         0.         0.         0.84933513 0.         0.         0.         0.14806847 0.         0.         0.         0.         0.        ]
 [0.         0.         0.         0.13607159 0.         0.0485768  0.         0.         0.09566066 0.         0.01367096 0.38795295 0.         0.         0.17247424 0.01640495 0.02492814 0.         0.         0.09361923]
 [0.         0.         0.         0.         0.         0.         0.         0.         0.         0.         0.99860346 0.         0.         0.         0.         0.         0.         0.         0.         0.        ]
 [0.         0.         0.         0.         0.         0.         0.         0.         0.         0.         0.         0.         0.         0.         0.98761994 0.         0.         0.         0.         0.        ]
 [0.         0.         0.         0.         0.         0.         0.         0.         0.         0.         0.         0.         0.         0.         0.99624324 0.         0.         0.         0.         0.        ]
 [0.         0.         0.         0.         0.         0.         0.         0.         0.         0.         0.0189365  0.         0.07685668 0.         0.8886025  0.         0.         0.         0.         0.        ]
 [0.         0.         0.         0.         0.         0.         0.         0.         0.         0.         0.95606005 0.         0.         0.         0.04120601 0.         0.         0.         0.         0.        ]
 [0.         0.         0.         0.         0.         0.         0.         0.         0.         0.         0.99844849 0.         0.         0.         0.         0.         0.         0.         0.         0.        ]
 [0.         0.         0.         0.07740225 0.         0.         0.         0.         0.         0.         0.         0.         0.         0.92056376 0.         0.         0.         0.         0.         0.        ]
 [0.         0.         0.         0.06837265 0.         0.         0.         0.         0.01681166 0.         0.77511573 0.         0.         0.         0.05132691 0.         0.         0.         0.         0.0837441 ]
 [0.         0.         0.         0.         0.         0.         0.         0.         0.         0.         0.99927688 0.         0.         0.         0.         0.         0.         0.         0.         0.        ]
 [0.04919347 0.         0.         0.08693169 0.01333943 0.         0.         0.         0.07134287 0.0202817  0.         0.         0.17188187 0.09723133 0.16364397 0.         0.01196991 0.13157323 0.         0.17851794]
 [0.         0.01129688 0.         0.04480634 0.         0.         0.         0.         0.         0.         0.         0.         0.         0.78828597 0.         0.         0.01252007 0.         0.         0.1112707 ]
 [0.         0.         0.         0.         0.         0.         0.         0.         0.         0.         0.         0.         0.         0.         0.         0.         0.99103916 0.         0.         0.        ]
 [0.         0.08117562 0.         0.29705665 0.         0.         0.24012074 0.         0.         0.         0.08380356 0.         0.08202008 0.         0.21150431 0.         0.         0.         0.         0.        ]
 [0.         0.         0.         0.33136585 0.         0.         0.         0.         0.         0.28930604 0.         0.         0.         0.         0.1859898  0.         0.         0.         0.         0.19000095]
 [0.         0.         0.         0.         0.         0.         0.         0.         0.01441158 0.         0.01718927 0.         0.         0.         0.07623189 0.         0.         0.71911395 0.         0.17234553]
 [0.         0.         0.         0.         0.03649321 0.         0.         0.         0.         0.01814881 0.         0.         0.         0.         0.07784965 0.         0.         0.6546334  0.07885237 0.12982146]
 [0.         0.         0.         0.01041084 0.         0.         0.         0.         0.         0.01342448 0.         0.         0.         0.         0.05540357 0.03928259 0.         0.39850265 0.11520128 0.35994458]
 [0.         0.         0.         0.         0.         0.         0.         0.         0.03191936 0.         0.         0.         0.         0.41332561 0.         0.03643326 0.         0.03183652 0.28083026 0.20480651]
 [0.         0.         0.         0.         0.         0.         0.         0.         0.         0.         0.80890656 0.         0.05177728 0.         0.07837097 0.         0.02367166 0.         0.03593752 0.        ]
 [0.         0.         0.         0.         0.         0.         0.         0.         0.         0.         0.9988957  0.         0.         0.         0.         0.         0.         0.         0.         0.        ]
 [0.04987536 0.         0.         0.         0.         0.         0.         0.         0.         0.         0.         0.         0.         0.         0.94682986 0.         0.         0.         0.         0.        ]
 ...
 [0.         0.         0.         0.52032667 0.         0.         0.         0.         0.         0.         0.         0.         0.         0.         0.4618133  0.01218629 0.         0.         0.         0.        ]
 [0.         0.         0.         0.04297324 0.         0.         0.         0.         0.         0.         0.         0.         0.         0.         0.80082756 0.01504973 0.         0.         0.         0.13946323]
 [0.         0.         0.         0.         0.         0.         0.         0.         0.         0.03690837 0.         0.         0.         0.         0.2578513  0.08107673 0.         0.02549945 0.42871979 0.16793962]
 [0.         0.         0.         0.         0.         0.         0.         0.         0.         0.         0.         0.         0.         0.         0.         0.         0.         0.         0.99314284 0.        ]
 [0.         0.01093926 0.         0.1996531  0.04846609 0.02445232 0.         0.         0.03140193 0.         0.         0.         0.         0.         0.         0.1091583  0.18979062 0.05614695 0.30434093 0.02496554]
 [0.         0.         0.         0.27586934 0.         0.         0.         0.         0.         0.         0.02003492 0.         0.         0.56255412 0.         0.         0.         0.         0.03495263 0.10054719]
 [0.         0.         0.         0.         0.         0.         0.         0.         0.         0.         0.         0.         0.         0.         0.0301097  0.96847606 0.         0.         0.         0.        ]
 [0.         0.         0.         0.         0.         0.         0.         0.         0.         0.         0.01089718 0.         0.         0.98292869 0.         0.         0.         0.         0.         0.        ]
 [0.         0.         0.         0.         0.         0.         0.         0.         0.         0.         0.         0.         0.         0.98510903 0.         0.         0.         0.         0.         0.        ]
 [0.         0.         0.         0.         0.         0.         0.         0.         0.         0.         0.         0.         0.         0.99293983 0.         0.         0.         0.         0.         0.        ]
 [0.         0.         0.         0.         0.         0.         0.74748206 0.         0.01667648 0.         0.1014549  0.         0.         0.         0.11166565 0.         0.02131225 0.         0.         0.        ]
 [0.         0.         0.         0.         0.         0.         0.         0.         0.         0.         0.0345204  0.         0.         0.95892233 0.         0.         0.         0.         0.         0.        ]
 [0.         0.         0.         0.         0.         0.         0.         0.         0.         0.         0.         0.         0.         0.         0.         0.99117512 0.         0.         0.         0.        ]
 [0.         0.         0.         0.04763275 0.         0.         0.         0.         0.03083466 0.         0.01511262 0.22587384 0.05194966 0.         0.50513804 0.         0.11278052 0.         0.         0.        ]
 [0.         0.         0.         0.02782011 0.         0.         0.         0.         0.01303973 0.05482192 0.         0.         0.         0.         0.         0.68559825 0.01443818 0.         0.         0.20414038]
 [0.         0.         0.         0.58928722 0.         0.         0.         0.         0.05169515 0.         0.01453526 0.         0.         0.         0.         0.09251157 0.05081512 0.10217502 0.09741586 0.        ]
 [0.         0.         0.         0.0954728  0.         0.         0.         0.         0.         0.         0.01906675 0.         0.         0.82252002 0.         0.         0.         0.         0.         0.04007408]
 [0.         0.02960852 0.         0.         0.         0.         0.         0.         0.27775499 0.23492754 0.         0.         0.         0.         0.41484168 0.         0.         0.         0.         0.        ]
 [0.         0.02961352 0.         0.         0.         0.         0.         0.         0.35473582 0.10628187 0.         0.         0.         0.         0.4767555  0.         0.01796967 0.         0.         0.        ]
 [0.         0.         0.         0.         0.         0.         0.         0.         0.         0.         0.01089683 0.         0.         0.98292899 0.         0.         0.         0.         0.         0.        ]
 [0.         0.         0.         0.         0.         0.         0.         0.         0.         0.         0.01078618 0.         0.         0.9830907  0.         0.         0.         0.         0.         0.        ]
 [0.         0.         0.         0.         0.         0.         0.         0.         0.         0.         0.01146486 0.         0.         0.98197818 0.         0.         0.         0.         0.         0.        ]
 [0.         0.         0.         0.10661141 0.         0.         0.         0.         0.         0.         0.         0.         0.         0.86253953 0.         0.         0.         0.         0.01619293 0.01310935]
 [0.         0.         0.         0.16262166 0.0189418  0.         0.         0.         0.05648261 0.         0.         0.         0.         0.6108014  0.         0.         0.         0.         0.         0.12744839]
 [0.         0.         0.         0.18647382 0.         0.         0.         0.         0.         0.         0.         0.         0.         0.         0.06184347 0.         0.03975025 0.         0.17963462 0.52260631]
 [0.         0.01078227 0.         0.         0.         0.         0.05777171 0.         0.         0.         0.         0.         0.         0.         0.         0.         0.         0.         0.         0.91957796]
 [0.         0.         0.         0.         0.         0.         0.         0.         0.         0.         0.         0.         0.         0.         0.         0.         0.04409176 0.         0.91833043 0.02391687]
 [0.         0.         0.         0.33420223 0.         0.         0.         0.         0.         0.         0.         0.         0.         0.         0.46364966 0.         0.         0.         0.         0.19951095]
 [0.         0.         0.         0.         0.         0.         0.         0.         0.         0.         0.05058899 0.         0.         0.         0.         0.         0.         0.         0.94476163 0.        ]
 [0.         0.         0.         0.         0.         0.         0.         0.         0.         0.         0.07721927 0.         0.         0.         0.05833642 0.         0.01581232 0.         0.83346623 0.01307474]]

unseen_document_topics: [(1, 0.024003772), (3, 0.0560823), (4, 0.6484247), (5, 0.075269066), (17, 0.06177261), (19, 0.12508997)]
unseen_documents_topics: [[0.         0.02400377 0.         0.0560823  0.64842469 0.07526907 0.         0.         0.         0.         0.         0.         0.         0.         0.         0.         0.         0.06177261 0.         0.12508997]]

a: 0.6703019967096832

Document 0 , doc_topics: [0.         0.         0.         0.02420858 0.76131266 0.         0.         0.         0.01441126 0.         0.         0.         0.         0.         0.         0.01207457 0.         0.03967484 0.         0.14233269]
euclidean_distance: 0.14539719712161187

Document 1 , doc_topics: [0.07234865 0.         0.         0.         0.         0.         0.         0.         0.05684029 0.         0.         0.         0.         0.         0.41514447 0.         0.         0.         0.44851458 0.        ]
euclidean_distance: 0.9117456744260757

Document 2 , doc_topics: [0.08977106 0.         0.         0.         0.03527042 0.         0.         0.         0.09579039 0.01727521 0.         0.         0.         0.         0.27752125 0.         0.         0.         0.47959974 0.        ]
euclidean_distance: 0.854034770558657

Document 3 , doc_topics: [0.         0.         0.         0.         0.01406722 0.02783553 0.         0.         0.06307035 0.         0.         0.         0.         0.         0.80158341 0.         0.01520193 0.         0.         0.06883577]
euclidean_distance: 1.0305853014950968

Document 4 , doc_topics: [0.         0.         0.         0.1677348  0.         0.2613667  0.         0.         0.08197898 0.         0.         0.         0.19387238 0.02286357 0.11262169 0.         0.07626474 0.         0.04928872 0.01667507]
euclidean_distance: 0.7412544333472765

Document 5 , doc_topics: [0.         0.         0.         0.         0.         0.         0.         0.         0.         0.         0.         0.         0.01546608 0.         0.12107074 0.67686319 0.         0.         0.14288056 0.03953313]
euclidean_distance: 0.9666608504225789

