Loading  ./model/lda_model_EU_REG_year-2019.pkl
Loading  ./model/lda_model_EU_REG_year-2019_campus.pkl
Loaded Regulations model and corpus data.

All topics in the model
(0, '0.056*"fishing" + 0.036*"stock" + 0.019*"article" + 0.018*"water" + 0.017*"opportunity" + 0.016*"year" + 0.016*"regulation" + 0.015*"effort" + 0.014*"measure" + 0.012*"apply"')
(1, '0.046*"datum" + 0.019*"information" + 0.014*"refer" + 0.013*"authority" + 0.012*"system" + 0.012*"accordance" + 0.011*"person" + 0.011*"national" + 0.010*"identity" + 0.009*"paragraph"')
(2, '0.017*"product" + 0.017*"regulation" + 0.016*"substance" + 0.012*"accordance" + 0.012*"regard" + 0.010*"amend" + 0.010*"article" + 0.009*"opinion" + 0.009*"level" + 0.009*"use"')
(3, '0.028*"institution" + 0.023*"risk" + 0.014*"exposure" + 0.013*"paragraph" + 0.013*"refer" + 0.012*"set" + 0.012*"point" + 0.012*"accordance" + 0.012*"requirement" + 0.010*"article"')
(4, '0.016*"product" + 0.012*"regulation" + 0.010*"good" + 0.010*"authority" + 0.010*"service" + 0.009*"article" + 0.009*"provide" + 0.008*"market" + 0.008*"refer" + 0.008*"decision"')
(5, '0.021*"establish" + 0.020*"budget" + 0.020*"refer" + 0.018*"withdrawal" + 0.018*"adopt" + 0.017*"decision" + 0.017*"person" + 0.016*"article" + 0.016*"date" + 0.015*"entity"')
(6, '0.013*"authority" + 0.011*"information" + 0.009*"accordance" + 0.009*"provide" + 0.008*"include" + 0.008*"paragraph" + 0.008*"refer" + 0.008*"decision" + 0.007*"article" + 0.007*"member"')
(7, '0.050*"vehicle" + 0.038*"emission" + 0.019*"manufacturer" + 0.018*"type" + 0.018*"approval" + 0.011*"requirement" + 0.011*"motor" + 0.010*"accordance" + 0.009*"duty" + 0.009*"system"')
(8, '0.026*"vessel" + 0.015*"fishing" + 0.012*"catch" + 0.011*"specie" + 0.010*"refer" + 0.008*"paragraph" + 0.008*"point" + 0.008*"area" + 0.007*"article" + 0.007*"technical"')
(9, '0.030*"provider" + 0.022*"paragraph" + 0.020*"refer" + 0.015*"entity" + 0.014*"replace" + 0.014*"resolution" + 0.013*"saver" + 0.012*"investment" + 0.012*"requirement" + 0.012*"payment"')


real topic:  (0, '0.056*"fishing" + 0.036*"stock" + 0.019*"article" + 0.018*"water" + 0.017*"opportunity" + 0.016*"year" + 0.016*"regulation" + 0.015*"effort" + 0.014*"measure" + 0.012*"apply"')
estimate topic:  (7, 0.61936146)
real topic:  (1, '0.046*"datum" + 0.019*"information" + 0.014*"refer" + 0.013*"authority" + 0.012*"system" + 0.012*"accordance" + 0.011*"person" + 0.011*"national" + 0.010*"identity" + 0.009*"paragraph"')
estimate topic:  (2, 0.8289099)
real topic:  (2, '0.017*"product" + 0.017*"regulation" + 0.016*"substance" + 0.012*"accordance" + 0.012*"regard" + 0.010*"amend" + 0.010*"article" + 0.009*"opinion" + 0.009*"level" + 0.009*"use"')
estimate topic:  (2, 0.7527909)
real topic:  (3, '0.028*"institution" + 0.023*"risk" + 0.014*"exposure" + 0.013*"paragraph" + 0.013*"refer" + 0.012*"set" + 0.012*"point" + 0.012*"accordance" + 0.012*"requirement" + 0.010*"article"')
estimate topic:  (2, 0.9978295)