Loading  ./model/lda_model_EU_REG_year-2016_nrtopics20.pkl
Loading  ./model/lda_model_EU_REG_year-2016_nrtopics20_campus.pkl
Loaded Regulations model and corpus data.

All topics in the model
(0, '0.038*"vehicle" + 0.030*"type" + 0.024*"approval" + 0.022*"requirement" + 0.019*"market" + 0.019*"manufacturer" + 0.018*"technical" + 0.018*"emission" + 0.016*"safety" + 0.014*"component"')
(1, '0.076*"datum" + 0.036*"report" + 0.033*"information" + 0.022*"act" + 0.019*"reporting" + 0.018*"accordance" + 0.018*"implement" + 0.015*"reference" + 0.015*"refer" + 0.014*"national"')
(2, '0.054*"animal" + 0.028*"product" + 0.020*"farm" + 0.020*"point" + 0.019*"health" + 0.019*"production" + 0.017*"disease" + 0.015*"rule" + 0.014*"lay" + 0.014*"organic"')
(3, '0.051*"fishing" + 0.035*"vessel" + 0.029*"stock" + 0.020*"catch" + 0.019*"water" + 0.019*"fishery" + 0.019*"fish" + 0.015*"quota" + 0.015*"regulation" + 0.014*"article"')
(4, '0.016*"datum" + 0.013*"right" + 0.012*"information" + 0.010*"accordance" + 0.010*"personal" + 0.010*"operational" + 0.010*"member" + 0.010*"protection" + 0.010*"task" + 0.009*"asylum"')
(5, '0.027*"institution" + 0.020*"risk" + 0.017*"paragraph" + 0.017*"refer" + 0.016*"financial" + 0.016*"point" + 0.016*"requirement" + 0.015*"accordance" + 0.013*"resolution" + 0.013*"article"')
(6, '0.019*"support" + 0.016*"financial" + 0.013*"refer" + 0.012*"objective" + 0.012*"include" + 0.011*"action" + 0.010*"programme" + 0.010*"set" + 0.009*"article" + 0.009*"intervention"')
(7, '0.035*"undertaking" + 0.017*"market" + 0.015*"energy" + 0.013*"capacity" + 0.010*"include" + 0.010*"set" + 0.010*"plan" + 0.009*"point" + 0.009*"climate" + 0.008*"network"')
(8, '0.136*"service" + 0.058*"provider" + 0.036*"user" + 0.024*"transport" + 0.020*"online" + 0.018*"provide" + 0.018*"business" + 0.017*"access" + 0.017*"host" + 0.016*"regulation"')
(9, '0.061*"system" + 0.027*"reserve" + 0.025*"power" + 0.023*"relevant" + 0.021*"area" + 0.014*"transmission" + 0.013*"operator" + 0.012*"operational" + 0.011*"provide" + 0.011*"connect"')
(10, '0.038*"datum" + 0.018*"refer" + 0.017*"border" + 0.017*"point" + 0.016*"accordance" + 0.016*"national" + 0.013*"access" + 0.013*"country" + 0.012*"application" + 0.012*"person"')
(11, '0.058*"product" + 0.030*"substance" + 0.029*"use" + 0.029*"medicinal" + 0.026*"health" + 0.020*"article" + 0.014*"regulation" + 0.014*"restriction" + 0.013*"human" + 0.013*"waste"')
(12, '0.035*"authority" + 0.025*"information" + 0.020*"competent" + 0.014*"refer" + 0.012*"paragraph" + 0.011*"provide" + 0.010*"procedure" + 0.009*"accordance" + 0.009*"ensure" + 0.009*"request"')
(13, '0.035*"geographical" + 0.027*"indication" + 0.019*"decision" + 0.019*"application" + 0.018*"court" + 0.018*"request" + 0.015*"article" + 0.015*"law" + 0.014*"apply" + 0.014*"agreement"')
(14, '0.023*"food" + 0.021*"level" + 0.020*"regard" + 0.018*"opinion" + 0.018*"product" + 0.018*"regulation" + 0.015*"maximum" + 0.014*"accordance" + 0.013*"mrl" + 0.012*"set"')
(15, '0.040*"refer" + 0.034*"act" + 0.029*"product" + 0.023*"adopt" + 0.021*"rule" + 0.020*"implement" + 0.019*"concern" + 0.016*"paragraph" + 0.016*"accordance" + 0.016*"delegate"')
(16, '0.017*"paragraph" + 0.016*"follow" + 0.014*"period" + 0.014*"replace" + 0.014*"following" + 0.013*"regulation" + 0.013*"article" + 0.012*"year" + 0.011*"amend" + 0.011*"payment"')
(17, '0.079*"joint" + 0.031*"health" + 0.030*"technology" + 0.029*"assessment" + 0.028*"member" + 0.026*"clinical" + 0.022*"scientific" + 0.020*"representative" + 0.016*"body" + 0.014*"device"')
(18, '0.009*"shipping" + 0.006*"ammonium" + 0.006*"579/2014" + 0.006*"nitrate" + 0.003*"seagoe" + 0.000*"acceptability" + 0.000*"consortium" + 0.000*"tert" + 0.000*"ether" + 0.000*"butyl"')
(19, '0.028*"person" + 0.025*"entity" + 0.019*"body" + 0.017*"legal" + 0.017*"natural" + 0.016*"list" + 0.016*"article" + 0.016*"concern" + 0.016*"include" + 0.013*"regulation"')



Topic: 0 Word: 0.002*"person" + 0.002*"stock" + 0.002*"entity" + 0.002*"vessel" + 0.002*"vehicle" + 0.002*"body" + 0.002*"fishing" + 0.001*"natural" + 0.001*"fund" + 0.001*"quota"
Topic: 1 Word: 0.003*"cfsp" + 0.002*"fishing" + 0.002*"stock" + 0.002*"restrictive" + 0.002*"vessel" + 0.002*"quota" + 0.001*"accounting" + 0.001*"person" + 0.001*"fish" + 0.001*"tariff"
Topic: 2 Word: 0.002*"product" + 0.002*"substance" + 0.001*"food" + 0.001*"fishing" + 0.001*"tariff" + 0.001*"support" + 0.001*"stock" + 0.001*"health" + 0.001*"quota" + 0.001*"financial"
Topic: 3 Word: 0.002*"mrl" + 0.001*"statistic" + 0.001*"claim" + 0.001*"datum" + 0.001*"financial" + 0.001*"product" + 0.001*"exposure" + 0.001*"support" + 0.001*"programme" + 0.001*"society"
Topic: 4 Word: 0.015*"stock" + 0.015*"fishing" + 0.013*"vessel" + 0.010*"fish" + 0.007*"fly" + 0.007*"quota" + 0.007*"flag" + 0.007*"catch" + 0.006*"water" + 0.005*"prohibit"
Topic: 5 Word: 0.002*"food" + 0.001*"product" + 0.001*"datum" + 0.001*"mrl" + 0.001*"substance" + 0.001*"additive" + 0.001*"act" + 0.001*"statistical" + 0.001*"residue" + 0.001*"flavour"
Topic: 6 Word: 0.002*"stock" + 0.002*"vessel" + 0.002*"aircraft" + 0.002*"fishing" + 0.001*"substance" + 0.001*"food" + 0.001*"fish" + 0.001*"vehicle" + 0.001*"quota" + 0.001*"aid"
Topic: 7 Word: 0.002*"financial" + 0.002*"cfsp" + 0.002*"paragraph" + 0.002*"programme" + 0.002*"food" + 0.002*"accounting" + 0.002*"person" + 0.002*"fishing" + 0.001*"entity" + 0.001*"support"
Topic: 8 Word: 0.002*"subparagraph" + 0.001*"replace" + 0.001*"restrictive" + 0.001*"cfsp" + 0.001*"substance" + 0.001*"paragraph" + 0.001*"mrl" + 0.001*"person" + 0.001*"financial" + 0.001*"product"
Topic: 9 Word: 0.003*"tariff" + 0.002*"product" + 0.002*"suspension" + 0.002*"quota" + 0.002*"autonomous" + 0.002*"duty" + 0.002*"fishing" + 0.002*"stock" + 0.002*"animal" + 0.001*"vessel"