Total number of documents (already lemmatized): 250 loaded in 0:00:04.542350 seconds

Ktrain Model built in  0:00:08.018935 seconds

topic:5 | count:63 | fishing product stock vessel price investigation import industry country quota
topic:0 | count:58 | food substance use directive list health claim product efsa animal
topic:9 | count:46 | agency national border data decision paragraph act procedure service directive
topic:3 | count:29 | relevant power requirement operator product plant module paragraph point demand
topic:4 | count:23 | benchmark law paragraph fishing competent vessel decision data court property
topic:8 | count:15 | data processing personal body supervisory subject conformity protection right decision
topic:2 | count:10 | animal disease point health product competent establishment paragraph listed engine
topic:1 | count:3 | data europol management personal board agency border director national right
topic:6 | count:2 | restriction agency benchmark safety directive paragraph relevant assessment rac competent

Model saved in:  ./model/ktrain_model_EU_REG_year-2016.pkl

Saving Metadata...(would be required for prediction)

No Topic found for document  reg_2016_nr-003_seq-0002_akn.xml (similarity threshold 0.25)

250 documents are spread as follow:
Topic 0 is found in 70 documents
Topic 1 is found in 4 documents
Topic 2 is found in 13 documents
Topic 3 is found in 39 documents
Topic 4 is found in 35 documents
Topic 5 is found in 68 documents
Topic 6 is found in 4 documents
Topic 7 is found in 0 documents
Topic 8 is found in 18 documents

TOPICS saved in:  ./model/ktrain_model_EU_REG_year-2016_topics.pkl
MAPPER Topics-Documents saved in:  ./model/ktrain_model_EU_REG_year-2016_topics_to_docs.pkl